2024-02-05 17:51:10,398 [INFO] Activator:176 - 


2024-02-05 17:51:10,398 [INFO] Activator:177 - !SESSION log4j initialized
2024-02-05 17:51:12,234 [INFO] ApplicationProperties:184 - Using Application install path: C:\ST\STM32CubeIDE_1.13.1\STM32CubeIDE\plugins\com.st.stm32cube.common.mx_6.9.1.202307191849
2024-02-05 17:51:12,249 [INFO] DbMcusXml:78 - Set database path to: C:\ST\STM32CubeIDE_1.13.1\STM32CubeIDE\plugins\com.st.stm32cube.common.mx_6.9.1.202307191849\\db\/mcu/
2024-02-05 17:51:12,249 [INFO] ApiDb:274 - Set plugin database path to: C:\ST\STM32CubeIDE_1.13.1\STM32CubeIDE\plugins\com.st.stm32cube.common.mx_6.9.1.202307191849\\db\/plugins/boardmanager/
2024-02-05 17:51:12,250 [WARN] ApiDb:259 - Overriding images path with different value:  => C:\ST\STM32CubeIDE_1.13.1\STM32CubeIDE\plugins\com.st.stm32cube.common.mx_6.9.1.202307191849\\db\/plugins/mcufinder/images/
2024-02-05 17:51:12,260 [INFO] ApiDb:250 - Set database path to: C:\Users\afsar\.stmcufinder\plugins\mcufinder//mcu/
2024-02-05 17:51:12,260 [INFO] DbMcusAds:125 - Set database path to: C:\Users\afsar\.stmcufinder\plugins\mcufinder//mcu/
2024-02-05 17:51:12,267 [INFO] CrossReferenceDbSqlite:203 - Set database path to: C:\Users\afsar\.stmcufinder\plugins\mcufinder//mcu/cs/
2024-02-05 17:51:12,368 [INFO] RulesReader:64 - Compatibility file has been processed (293 Rules)
2024-02-05 17:51:12,471 [INFO] DbMcusXml:78 - Set database path to: C:\ST\STM32CubeIDE_1.13.1\STM32CubeIDE\plugins\com.st.stm32cube.common.mx_6.9.1.202307191849\\db\/mcu/
2024-02-05 17:51:12,471 [INFO] ApiDb:274 - Set plugin database path to: C:\ST\STM32CubeIDE_1.13.1\STM32CubeIDE\plugins\com.st.stm32cube.common.mx_6.9.1.202307191849\\db\/plugins/boardmanager/
2024-02-05 17:51:12,471 [INFO] ApiDb:261 - Set plugin images path to: C:\ST\STM32CubeIDE_1.13.1\STM32CubeIDE\plugins\com.st.stm32cube.common.mx_6.9.1.202307191849\\db\/plugins/mcufinder/images/
2024-02-05 17:51:12,471 [WARN] DbFile:41 - Overriding database path with different value: C:\Users\afsar\.stmcufinder\plugins\mcufinder/ => C:\Users\afsar\.stmcufinder\plugins\mcufinder
2024-02-05 17:51:12,471 [INFO] ApiDb:250 - Set database path to: C:\Users\afsar\.stmcufinder\plugins\mcufinder//mcu/
2024-02-05 17:51:12,471 [WARN] DbFile:41 - Overriding database path with different value: C:\Users\afsar\.stmcufinder\plugins\mcufinder/ => C:\Users\afsar\.stmcufinder\plugins\mcufinder
2024-02-05 17:51:12,472 [INFO] DbMcusAds:125 - Set database path to: C:\Users\afsar\.stmcufinder\plugins\mcufinder//mcu/
2024-02-05 17:51:12,472 [WARN] DbFile:41 - Overriding database path with different value: C:\Users\afsar\.stmcufinder\plugins\mcufinder/ => C:\Users\afsar\.stmcufinder\plugins\mcufinder
2024-02-05 17:51:12,472 [WARN] DbFile:41 - Overriding database path with different value: C:\Users\afsar\.stmcufinder\plugins\mcufinder/ => C:\Users\afsar\.stmcufinder\plugins\mcufinder
2024-02-05 17:51:12,473 [INFO] CrossReferenceDbSqlite:203 - Set database path to: C:\Users\afsar\.stmcufinder\plugins\mcufinder//mcu/cs/
2024-02-05 17:51:12,546 [INFO] MainPanel:262 - HeapMemory: 268435456
2024-02-05 17:51:12,623 [INFO] DbMcusXml:78 - Set database path to: C:\ST\STM32CubeIDE_1.13.1\STM32CubeIDE\plugins\com.st.stm32cube.common.mx_6.9.1.202307191849\\db\/mcu/
2024-02-05 17:51:12,623 [INFO] ApiDb:274 - Set plugin database path to: C:\ST\STM32CubeIDE_1.13.1\STM32CubeIDE\plugins\com.st.stm32cube.common.mx_6.9.1.202307191849\\db\/plugins/boardmanager/
2024-02-05 17:51:12,623 [INFO] ApiDb:261 - Set plugin images path to: C:\ST\STM32CubeIDE_1.13.1\STM32CubeIDE\plugins\com.st.stm32cube.common.mx_6.9.1.202307191849\\db\/plugins/mcufinder/images/
2024-02-05 17:51:12,624 [WARN] DbFile:41 - Overriding database path with different value: C:\Users\afsar\.stmcufinder\plugins\mcufinder/ => C:\Users\afsar\.stmcufinder\plugins\mcufinder
2024-02-05 17:51:12,624 [INFO] ApiDb:250 - Set database path to: C:\Users\afsar\.stmcufinder\plugins\mcufinder//mcu/
2024-02-05 17:51:12,624 [WARN] DbFile:41 - Overriding database path with different value: C:\Users\afsar\.stmcufinder\plugins\mcufinder/ => C:\Users\afsar\.stmcufinder\plugins\mcufinder
2024-02-05 17:51:12,624 [INFO] DbMcusAds:125 - Set database path to: C:\Users\afsar\.stmcufinder\plugins\mcufinder//mcu/
2024-02-05 17:51:12,624 [WARN] DbFile:41 - Overriding database path with different value: C:\Users\afsar\.stmcufinder\plugins\mcufinder/ => C:\Users\afsar\.stmcufinder\plugins\mcufinder
2024-02-05 17:51:12,624 [WARN] DbFile:41 - Overriding database path with different value: C:\Users\afsar\.stmcufinder\plugins\mcufinder/ => C:\Users\afsar\.stmcufinder\plugins\mcufinder
2024-02-05 17:51:12,624 [INFO] CrossReferenceDbSqlite:203 - Set database path to: C:\Users\afsar\.stmcufinder\plugins\mcufinder//mcu/cs/
2024-02-05 17:51:12,639 [INFO] ApplicationProperties:184 - Using Application install path: C:\ST\STM32CubeIDE_1.13.1\STM32CubeIDE\plugins\com.st.stm32cube.common.mx_6.9.1.202307191849
2024-02-05 17:51:12,640 [INFO] PluginManage:196 - Search for loadable plugins [exclusion list=, ]
2024-02-05 17:51:12,642 [INFO] PluginManage:310 - Check plugin analytics
2024-02-05 17:51:12,899 [INFO] AnalyticsPlugin:253 - Accepted Software Licenses: STM32CubeMX.6.9.1
2024-02-05 17:51:12,899 [INFO] AnalyticsPlugin:255 - Accepted CMSIS Pack Licenses: STMicroelectronics.X-CUBE-AI.8.1.0,STMicroelectronics.X-CUBE-AI.7.3.0,STMicroelectronics.X-CUBE-AI.8.0.1,STMicroelectronics.X-CUBE-AI.8.0.0,STMicroelectronics.X-CUBE-AI.3.3.0,STMicroelectronics.X-CUBE-AI.3.4.0
2024-02-05 17:51:12,899 [INFO] AnalyticsPlugin:257 - Accepted Firmware Licenses: FW.F7.1.17.0,FW.H7.1.11.0
2024-02-05 17:51:12,902 [INFO] PluginManage:359 - Loaded plugin analytics (category:tool,tabindex:-1)
2024-02-05 17:51:12,902 [INFO] PluginManage:310 - Check plugin cadmodel
2024-02-05 17:51:12,994 [INFO] CADModel:105 - Init CAD model plugin
2024-02-05 17:51:12,994 [INFO] PluginManage:359 - Loaded plugin cadmodel (category:power,tabindex:5)
2024-02-05 17:51:12,995 [INFO] PluginManage:310 - Check plugin clock
2024-02-05 17:51:13,015 [INFO] PluginManage:359 - Loaded plugin clock (category:base,tabindex:2)
2024-02-05 17:51:13,015 [INFO] PluginManage:310 - Check plugin ddr
2024-02-05 17:51:13,019 [INFO] PluginManage:359 - Loaded plugin ddr (category:tool,tabindex:6)
2024-02-05 17:51:13,020 [INFO] PluginManage:310 - Check plugin filemanager
2024-02-05 17:51:13,154 [INFO] PluginManage:359 - Loaded plugin filemanager (category:base,tabindex:10)
2024-02-05 17:51:13,155 [INFO] PluginManage:310 - Check plugin ipmanager
2024-02-05 17:51:13,164 [INFO] PluginManage:359 - Loaded plugin ipmanager (category:base,tabindex:5)
2024-02-05 17:51:13,164 [INFO] PluginManage:310 - Check plugin lpbam
2024-02-05 17:51:13,185 [INFO] PluginManage:359 - Loaded plugin lpbam (category:base,tabindex:0)
2024-02-05 17:51:13,185 [INFO] PluginManage:310 - Check plugin memorymap
2024-02-05 17:51:13,205 [INFO] PluginManage:359 - Loaded plugin memorymap (category:base,tabindex:4)
2024-02-05 17:51:13,206 [INFO] PluginManage:310 - Check plugin pinoutandconfiguration
2024-02-05 17:51:13,220 [INFO] PluginManage:359 - Loaded plugin pinoutandconfiguration (category:base,tabindex:1)
2024-02-05 17:51:13,220 [INFO] PluginManage:310 - Check plugin pinoutconfig
2024-02-05 17:51:13,344 [WARN] SupportedApi:132 - Cannot load RTOS API schema: s4s-elt-must-match.1: The content of 'definitions' must match (annotation?, (simpleType | complexType)?, (unique | key | keyref)*)). A problem was found starting at: attribute.
2024-02-05 17:51:13,468 [INFO] PluginManage:359 - Loaded plugin pinoutconfig (category:base,tabindex:0)
2024-02-05 17:51:13,468 [INFO] PluginManage:310 - Check plugin power
2024-02-05 17:51:13,486 [INFO] PluginManage:359 - Loaded plugin power (category:power,tabindex:4)
2024-02-05 17:51:13,486 [INFO] PluginManage:310 - Check plugin projectmanager
2024-02-05 17:51:13,501 [INFO] PluginManage:359 - Loaded plugin projectmanager (category:projectmanager,tabindex:3)
2024-02-05 17:51:13,501 [INFO] PluginManage:310 - Check plugin thirdparty
2024-02-05 17:51:13,732 [INFO] PluginManage:359 - Loaded plugin thirdparty (category:base,tabindex:-1)
2024-02-05 17:51:13,732 [WARN] IntegrityCheckThread:84 - waiting for thirdparty lock release [integrity check]
2024-02-05 17:51:13,732 [INFO] PluginManage:310 - Check plugin tools
2024-02-05 17:51:13,732 [INFO] IntegrityCheckThread:86 - entering critical section [integrity check]
2024-02-05 17:51:13,732 [INFO] ThirdPartyUpdaterWithRetryManager:70 - Updater plugin not ready yet. [1/15]
2024-02-05 17:51:13,756 [INFO] PluginManage:359 - Loaded plugin tools (category:base,tabindex:7)
2024-02-05 17:51:13,756 [INFO] PluginManage:310 - Check plugin tutovideos
2024-02-05 17:51:13,935 [INFO] PluginManage:359 - Loaded plugin tutovideos (category:base,tabindex:-1)
2024-02-05 17:51:13,935 [INFO] PluginManage:310 - Check plugin updater
2024-02-05 17:51:13,946 [INFO] PluginManage:359 - Loaded plugin updater (category:base,tabindex:12)
2024-02-05 17:51:13,946 [INFO] PluginManage:310 - Check plugin userauth
2024-02-05 17:51:13,950 [INFO] UserAuth:113 - Init User Auth plugin
2024-02-05 17:51:13,950 [INFO] PluginManage:359 - Loaded plugin userauth (category:base,tabindex:14)
2024-02-05 17:51:13,950 [INFO] PluginManage:283 - PluginManage : Loaded plugins [17]
2024-02-05 17:51:14,157 [INFO] PinOutPanel:1499 - setPackage(No Configuration,No Configuration)
2024-02-05 17:51:14,259 [INFO] CADModel:165 - CPN selected for project level
2024-02-05 17:51:14,259 [INFO] CADModel:114 - Register for checkConnection events
2024-02-05 17:51:14,281 [INFO] IPUIPlugin:80 - create IPUIPlugin
2024-02-05 17:51:14,281 [INFO] PluginManager:220 - loadIPPluginJar : add adc
2024-02-05 17:51:14,312 [INFO] IPUIPlugin:80 - create IPUIPlugin
2024-02-05 17:51:14,312 [INFO] PluginManager:220 - loadIPPluginJar : add aes
2024-02-05 17:51:14,347 [INFO] IPUIPlugin:80 - create IPUIPlugin
2024-02-05 17:51:14,347 [INFO] PluginManager:220 - loadIPPluginJar : add can
2024-02-05 17:51:14,366 [INFO] IPUIPlugin:80 - create IPUIPlugin
2024-02-05 17:51:14,366 [INFO] PluginManager:220 - loadIPPluginJar : add comp
2024-02-05 17:51:14,392 [INFO] IPUIPlugin:80 - create IPUIPlugin
2024-02-05 17:51:14,392 [INFO] PluginManager:220 - loadIPPluginJar : add cryp
2024-02-05 17:51:14,414 [INFO] IPUIPlugin:80 - create IPUIPlugin
2024-02-05 17:51:14,414 [INFO] PluginManager:220 - loadIPPluginJar : add dfsdm
2024-02-05 17:51:14,425 [INFO] IPUIPlugin:80 - create IPUIPlugin
2024-02-05 17:51:14,426 [INFO] PluginManager:220 - loadIPPluginJar : add dma
2024-02-05 17:51:14,454 [INFO] IPUIPlugin:80 - create IPUIPlugin
2024-02-05 17:51:14,454 [INFO] PluginManager:220 - loadIPPluginJar : add dma3
2024-02-05 17:51:14,468 [INFO] IPUIPlugin:80 - create IPUIPlugin
2024-02-05 17:51:14,468 [INFO] PluginManager:220 - loadIPPluginJar : add fatfs
2024-02-05 17:51:14,502 [INFO] IPUIPlugin:80 - create IPUIPlugin
2024-02-05 17:51:14,502 [INFO] PluginManager:220 - loadIPPluginJar : add fmc
2024-02-05 17:51:14,512 [INFO] IPUIPlugin:80 - create IPUIPlugin
2024-02-05 17:51:14,512 [INFO] PluginManager:220 - loadIPPluginJar : add freertos
2024-02-05 17:51:14,526 [INFO] IPUIPlugin:80 - create IPUIPlugin
2024-02-05 17:51:14,527 [INFO] PluginManager:220 - loadIPPluginJar : add genericplugin
2024-02-05 17:51:14,577 [INFO] IPUIPlugin:80 - create IPUIPlugin
2024-02-05 17:51:14,577 [INFO] PluginManager:220 - loadIPPluginJar : add gfxmmu
2024-02-05 17:51:14,671 [INFO] IPUIPlugin:80 - create IPUIPlugin
2024-02-05 17:51:14,671 [INFO] PluginManager:220 - loadIPPluginJar : add gic
2024-02-05 17:51:14,671 [INFO] IPUIPlugin:80 - create IPUIPlugin
2024-02-05 17:51:14,671 [INFO] PluginManager:220 - loadIPPluginJar : add gpio
2024-02-05 17:51:14,733 [INFO] IPUIPlugin:80 - create IPUIPlugin
2024-02-05 17:51:14,733 [INFO] PluginManager:220 - loadIPPluginJar : add gtzc
2024-02-05 17:51:14,764 [INFO] IPUIPlugin:80 - create IPUIPlugin
2024-02-05 17:51:14,764 [INFO] PluginManager:220 - loadIPPluginJar : add hash
2024-02-05 17:51:14,796 [INFO] IPUIPlugin:80 - create IPUIPlugin
2024-02-05 17:51:14,796 [INFO] PluginManager:220 - loadIPPluginJar : add i2c
2024-02-05 17:51:14,827 [INFO] IPUIPlugin:80 - create IPUIPlugin
2024-02-05 17:51:14,827 [INFO] PluginManager:220 - loadIPPluginJar : add i2s
2024-02-05 17:51:14,858 [INFO] IPUIPlugin:80 - create IPUIPlugin
2024-02-05 17:51:14,858 [INFO] PluginManager:220 - loadIPPluginJar : add i3c
2024-02-05 17:51:14,921 [INFO] IPUIPlugin:80 - create IPUIPlugin
2024-02-05 17:51:14,921 [INFO] PluginManager:220 - loadIPPluginJar : add ipddr
2024-02-05 17:51:14,983 [INFO] IPUIPlugin:80 - create IPUIPlugin
2024-02-05 17:51:14,983 [INFO] PluginManager:220 - loadIPPluginJar : add linkedlist
2024-02-05 17:51:15,014 [INFO] IPUIPlugin:80 - create IPUIPlugin
2024-02-05 17:51:15,014 [INFO] PluginManager:220 - loadIPPluginJar : add lorawan
2024-02-05 17:51:15,046 [INFO] IPUIPlugin:80 - create IPUIPlugin
2024-02-05 17:51:15,046 [INFO] PluginManager:220 - loadIPPluginJar : add ltdc
2024-02-05 17:51:15,046 [INFO] IPUIPlugin:80 - create IPUIPlugin
2024-02-05 17:51:15,046 [INFO] PluginManager:220 - loadIPPluginJar : add mdma
2024-02-05 17:51:15,061 [INFO] IPUIPlugin:80 - create IPUIPlugin
2024-02-05 17:51:15,061 [INFO] PluginManager:220 - loadIPPluginJar : add nvic
2024-02-05 17:51:15,093 [INFO] IPUIPlugin:80 - create IPUIPlugin
2024-02-05 17:51:15,093 [INFO] PluginManager:220 - loadIPPluginJar : add opamp
2024-02-05 17:51:15,124 [INFO] IPUIPlugin:80 - create IPUIPlugin
2024-02-05 17:51:15,124 [INFO] PluginManager:220 - loadIPPluginJar : add openamp
2024-02-05 17:51:15,155 [INFO] IPUIPlugin:80 - create IPUIPlugin
2024-02-05 17:51:15,155 [INFO] PluginManager:220 - loadIPPluginJar : add pdm2pcm
2024-02-05 17:51:15,171 [INFO] IPUIPlugin:80 - create IPUIPlugin
2024-02-05 17:51:15,171 [INFO] PluginManager:220 - loadIPPluginJar : add plateformsettings
2024-02-05 17:51:15,186 [INFO] IPUIPlugin:80 - create IPUIPlugin
2024-02-05 17:51:15,186 [INFO] PluginManager:220 - loadIPPluginJar : add quadspi
2024-02-05 17:51:15,202 [INFO] IPUIPlugin:80 - create IPUIPlugin
2024-02-05 17:51:15,202 [INFO] PluginManager:220 - loadIPPluginJar : add resmgrutility
2024-02-05 17:51:15,233 [INFO] IPUIPlugin:80 - create IPUIPlugin
2024-02-05 17:51:15,233 [INFO] PluginManager:220 - loadIPPluginJar : add sai
2024-02-05 17:51:15,264 [INFO] IPUIPlugin:80 - create IPUIPlugin
2024-02-05 17:51:15,264 [INFO] PluginManager:220 - loadIPPluginJar : add spi
2024-02-05 17:51:15,296 [INFO] IPUIPlugin:80 - create IPUIPlugin
2024-02-05 17:51:15,296 [INFO] PluginManager:220 - loadIPPluginJar : add stm32_wpan
2024-02-05 17:51:15,311 [INFO] IPUIPlugin:80 - create IPUIPlugin
2024-02-05 17:51:15,311 [INFO] PluginManager:220 - loadIPPluginJar : add tim
2024-02-05 17:51:15,358 [INFO] IPUIPlugin:80 - create IPUIPlugin
2024-02-05 17:51:15,358 [INFO] PluginManager:220 - loadIPPluginJar : add touchsensing
2024-02-05 17:51:15,374 [INFO] IPUIPlugin:80 - create IPUIPlugin
2024-02-05 17:51:15,374 [INFO] PluginManager:220 - loadIPPluginJar : add tracer_emb
2024-02-05 17:51:15,389 [INFO] IPUIPlugin:80 - create IPUIPlugin
2024-02-05 17:51:15,389 [INFO] PluginManager:220 - loadIPPluginJar : add ts
2024-02-05 17:51:15,405 [INFO] IPUIPlugin:80 - create IPUIPlugin
2024-02-05 17:51:15,405 [INFO] PluginManager:220 - loadIPPluginJar : add tsc
2024-02-05 17:51:15,421 [INFO] IPUIPlugin:80 - create IPUIPlugin
2024-02-05 17:51:15,421 [INFO] PluginManager:220 - loadIPPluginJar : add ucpd
2024-02-05 17:51:15,452 [INFO] IPUIPlugin:80 - create IPUIPlugin
2024-02-05 17:51:15,452 [INFO] PluginManager:220 - loadIPPluginJar : add usart
2024-02-05 17:51:15,483 [INFO] IPUIPlugin:80 - create IPUIPlugin
2024-02-05 17:51:15,483 [INFO] PluginManager:220 - loadIPPluginJar : add usbx
2024-02-05 17:51:15,603 [INFO] CADModel:165 - CPN selected for project level
2024-02-05 17:51:15,603 [INFO] CADModel:114 - Register for checkConnection events
2024-02-05 17:51:15,603 [FATAL] Updater:308 - Updater called before beeing initialized
2024-02-05 17:51:15,603 [ERROR] CADModel:125 - Updater not yet initialized, retry later 
2024-02-05 17:51:15,754 [INFO] CADModel:165 - CPN selected for project level
2024-02-05 17:51:15,754 [INFO] CADModel:114 - Register for checkConnection events
2024-02-05 17:51:15,754 [FATAL] Updater:308 - Updater called before beeing initialized
2024-02-05 17:51:15,754 [ERROR] CADModel:125 - Updater not yet initialized, retry later 
2024-02-05 17:51:15,754 [FATAL] Updater:308 - Updater called before beeing initialized
2024-02-05 17:51:15,847 [FATAL] Updater:308 - Updater called before beeing initialized
2024-02-05 17:51:15,863 [INFO] DbMcusAds:53 - JSON generation date=Tue Mar 07 03:50:55 EST 2023 (1678179055335)
2024-02-05 17:51:15,863 [FATAL] Updater:308 - Updater called before beeing initialized
2024-02-05 17:51:15,941 [WARN] DetailPanel:346 - Failed to get advertising image, set to default
2024-02-05 17:51:16,019 [FATAL] Updater:308 - Updater called before beeing initialized
2024-02-05 17:51:16,019 [FATAL] Updater:308 - Updater called before beeing initialized
2024-02-05 17:51:16,019 [FATAL] Updater:308 - Updater called before beeing initialized
2024-02-05 17:51:16,019 [WARN] DetailPanel:346 - Failed to get advertising image, set to default
2024-02-05 17:51:16,019 [FATAL] Updater:308 - Updater called before beeing initialized
2024-02-05 17:51:16,081 [ERROR] Updater:1120 - MainUpdater not yet initialized. External WinMGr cannot be set.
2024-02-05 17:51:16,097 [INFO] Updater:1056 - Updater Version found : 6.9.1
2024-02-05 17:51:16,097 [INFO] ApplicationProperties:184 - Using Application install path: C:\ST\STM32CubeIDE_1.13.1\STM32CubeIDE\plugins\com.st.stm32cube.common.mx_6.9.1.202307191849
2024-02-05 17:51:16,331 [INFO] MainUpdater:2868 - connection check result : 10
2024-02-05 17:51:16,331 [INFO] MainUpdater:3562 - Updater definition file requires update
2024-02-05 17:51:16,331 [INFO] MainUpdater:285 - Updater Check For Update Now.
2024-02-05 17:51:16,331 [INFO] MicroXplorer:498 - Change Database Version : DB.6.0.91
2024-02-05 17:51:16,375 [INFO] ServerAccessManage:473 - Download File updaters.zip
2024-02-05 17:51:16,437 [INFO] FileExtend:240 - Unzip File : updaters.zip
2024-02-05 17:51:16,437 [INFO] FileExtend:255 - Standard Zip Deflate
2024-02-05 17:51:16,720 [INFO] ServerAccessManage:473 - Download File PacksControlFlags.xml
2024-02-05 17:51:16,735 [WARN] MainUpdater:1189 - Updater busy. Cannot search thirdparties
2024-02-05 17:51:16,735 [INFO] ThirdPartyUpdaterWithRetryManager:96 - Updater plugin is busy. [1/15]
2024-02-05 17:51:16,782 [INFO] ServerAccessManage:473 - Download File cubemx.pidx
2024-02-05 17:51:17,313 [INFO] ServerAccessManage:473 - Download File STMicroelectronics.FP-SNS-MOTENVWB1.pdsc
2024-02-05 17:51:17,641 [INFO] ServerAccessManage:473 - Download File STMicroelectronics.X-CUBE-EEPRMA1.pdsc
2024-02-05 17:51:18,033 [ERROR] ServerAccessManage:1089 - Problem, file not found on Server
2024-02-05 17:51:18,455 [ERROR] ServerAccessManage:1089 - Problem, file not found on Server
2024-02-05 17:51:18,767 [INFO] ServerAccessManage:473 - Download File STMicroelectronics.X-CUBE-ISPU.pdsc
2024-02-05 17:51:19,157 [INFO] ServerAccessManage:473 - Download File STMicroelectronics.X-CUBE-TOF1.pdsc
2024-02-05 17:51:19,737 [WARN] MainUpdater:1189 - Updater busy. Cannot search thirdparties
2024-02-05 17:51:19,737 [INFO] ThirdPartyUpdaterWithRetryManager:96 - Updater plugin is busy. [2/15]
2024-02-05 17:51:20,284 [ERROR] ServerAccessManage:1089 - Problem, file not found on Server
2024-02-05 17:51:20,550 [INFO] ServerAccessManage:473 - Download File STMicroelectronics.X-CUBE-TOUCHGFX.pdsc
2024-02-05 17:51:22,739 [WARN] MainUpdater:1189 - Updater busy. Cannot search thirdparties
2024-02-05 17:51:22,739 [INFO] ThirdPartyUpdaterWithRetryManager:96 - Updater plugin is busy. [3/15]
2024-02-05 17:51:25,743 [WARN] MainUpdater:1189 - Updater busy. Cannot search thirdparties
2024-02-05 17:51:25,743 [INFO] ThirdPartyUpdaterWithRetryManager:96 - Updater plugin is busy. [4/15]
2024-02-05 17:51:25,977 [INFO] ServerAccessManage:473 - Download File STMicroelectronics.X-CUBE-AZRTOS-H7.pdsc
2024-02-05 17:51:26,524 [ERROR] ServerAccessManage:1096 - Problem, Http access forbiden
2024-02-05 17:51:26,524 [ERROR] ServerAccessManage:651 - Problem, Http access forbiden : RoweBots.I-CUBE-UNISONRTOS.pdsc.
2024-02-05 17:51:26,711 [WARN] PackLoader:240 - Cannot read IP mode file for STMicroelectronics.FP-SNS-MOTENVWB1.1.3.1
2024-02-05 17:51:26,727 [WARN] PackLoader:240 - Cannot read IP mode file for STMicroelectronics.X-CUBE-EEPRMA1.5.1.0
2024-02-05 17:51:26,727 [WARN] PackLoader:240 - Cannot read IP mode file for STMicroelectronics.X-CUBE-ISPU.2.0.0
2024-02-05 17:51:26,743 [WARN] PackLoader:240 - Cannot read IP mode file for STMicroelectronics.X-CUBE-TOF1.3.4.0
2024-02-05 17:51:26,774 [WARN] PackLoader:240 - Cannot read IP mode file for STMicroelectronics.X-CUBE-TOUCHGFX.4.23.0
2024-02-05 17:51:26,790 [WARN] PackLoader:240 - Cannot read IP mode file for STMicroelectronics.X-CUBE-AZRTOS-H7.3.2.0
2024-02-05 17:51:26,805 [INFO] PopulateThirdPartyThread:66 - Ending populate Thread
2024-02-05 17:51:26,805 [INFO] ThirdParty:1030 - CMSIS Pack Vendor :STMicroelectronics X-CUBE-EEPRMA1 5.1.0
2024-02-05 17:51:26,805 [INFO] ThirdParty:1030 - CMSIS Pack Vendor :STMicroelectronics FP-SNS-MOTENVWB1 1.3.1
2024-02-05 17:51:26,805 [INFO] ThirdParty:1030 - CMSIS Pack Vendor :STMicroelectronics X-CUBE-TOUCHGFX 4.23.0
2024-02-05 17:51:26,805 [INFO] ThirdParty:1030 - CMSIS Pack Vendor :STMicroelectronics X-CUBE-TOF1 3.4.0
2024-02-05 17:51:26,805 [INFO] ThirdParty:1030 - CMSIS Pack Vendor :STMicroelectronics X-CUBE-AZRTOS-H7 3.2.0
2024-02-05 17:51:26,805 [INFO] ThirdParty:1030 - CMSIS Pack Vendor :STMicroelectronics X-CUBE-ISPU 2.0.0
2024-02-05 17:51:26,805 [INFO] LoadServerUpdatesThread:373 - End of LoadServerUpdate Thread
2024-02-05 17:51:26,841 [INFO] CheckServerUpdateThread:120 - End of CheckServer Thread
2024-02-05 17:51:26,951 [INFO] MainUpdater:2868 - connection check result : 10
2024-02-05 17:51:26,951 [INFO] MainUpdater:2868 - connection check result : 10
2024-02-05 17:51:27,185 [INFO] MicroXplorer:468 - Change Database Path : 
2024-02-05 17:51:27,185 [INFO] MicroXplorer:498 - Change Database Version : DB.6.0.91
2024-02-05 17:51:27,185 [WARN] ThirdParty:871 - waiting for thirdparty lock release [close project]
2024-02-05 17:51:28,871 [WARN] PackLoader:240 - Cannot read IP mode file for STMicroelectronics.X-CUBE-SMBUS.2.1.0
2024-02-05 17:51:28,887 [WARN] PackLoader:240 - Cannot read IP mode file for STMicroelectronics.X-CUBE-TOUCHGFX.4.23.0
2024-02-05 17:51:28,902 [WARN] PackLoader:240 - Cannot read IP mode file for STMicroelectronics.X-CUBE-AZRTOS-F7.1.1.0
2024-02-05 17:51:28,918 [WARN] PackLoader:240 - Cannot read IP mode file for STMicroelectronics.FP-SNS-MOTENV1.4.3.2
2024-02-05 17:51:28,934 [WARN] PackLoader:240 - Cannot read IP mode file for STMicroelectronics.FP-SNS-FLIGHT1.5.0.2
2024-02-05 17:51:28,949 [WARN] PackLoader:240 - Cannot read IP mode file for STMicroelectronics.X-CUBE-DISPLAY.3.0.0
2024-02-05 17:51:28,965 [WARN] PackLoader:240 - Cannot read IP mode file for STMicroelectronics.X-CUBE-BLE1.7.0.0
2024-02-05 17:51:28,965 [WARN] PackLoader:240 - Cannot read IP mode file for emotas.I-CUBE-CANOPEN.1.3.0
2024-02-05 17:51:28,980 [WARN] PackLoader:240 - Cannot read IP mode file for STMicroelectronics.X-CUBE-TOUCHGFX.4.22.0
2024-02-05 17:51:28,996 [WARN] PackLoader:240 - Cannot read IP mode file for STMicroelectronics.X-CUBE-TOUCHGFX.4.22.1
2024-02-05 17:51:28,996 [WARN] PackLoader:240 - Cannot read IP mode file for STMicroelectronics.FP-SNS-SMARTAG2.1.2.0
2024-02-05 17:51:29,027 [INFO] LogOutputStream:77 - [STDOUT_REDIRECT] 1 : Invalid condition id : UX_CORESTACK_Condition cause : null
2024-02-05 17:51:29,027 [INFO] LogOutputStream:77 - [STDOUT_REDIRECT] 1 : Invalid condition id : UX_CORESTACK_Condition cause : null
2024-02-05 17:51:29,027 [INFO] LogOutputStream:77 - [STDOUT_REDIRECT] 1 : Invalid condition id : UX_CORESTACK_Condition cause : null
2024-02-05 17:51:29,027 [INFO] LogOutputStream:77 - [STDOUT_REDIRECT] 1 : Invalid condition id : UX_CORESTACK_Condition cause : null
2024-02-05 17:51:29,027 [INFO] LogOutputStream:77 - [STDOUT_REDIRECT] 1 : Invalid condition id : UX_CORESTACK_Condition cause : null
2024-02-05 17:51:29,027 [WARN] PackLoader:240 - Cannot read IP mode file for STMicroelectronics.X-CUBE-AZRTOS-WL.2.0.0
2024-02-05 17:51:29,043 [WARN] PackLoader:240 - Cannot read IP mode file for WES.I-CUBE-Cesium.1.3.0
2024-02-05 17:51:29,059 [WARN] PackLoader:240 - Cannot read IP mode file for STMicroelectronics.X-CUBE-BLE2.3.3.0
2024-02-05 17:51:29,059 [WARN] PackLoader:240 - Cannot read IP mode file for STMicroelectronics.X-CUBE-ALGOBUILD.1.3.0
2024-02-05 17:51:29,090 [WARN] PackLoader:240 - Cannot read IP mode file for STMicroelectronics.X-CUBE-AZRTOS-G0.1.1.0
2024-02-05 17:51:29,105 [WARN] PackLoader:240 - Cannot read IP mode file for STMicroelectronics.X-CUBE-NFC4.3.0.0
2024-02-05 17:51:29,121 [WARN] PackLoader:240 - Cannot read IP mode file for STMicroelectronics.X-CUBE-BLEMGR.3.0.0
2024-02-05 17:51:29,137 [WARN] PackLoader:240 - Cannot read IP mode file for STMicroelectronics.FP-ATR-SIGFOX1.3.2.0
2024-02-05 17:51:29,137 [WARN] PackLoader:240 - Cannot read IP mode file for STMicroelectronics.X-CUBE-EEPRMA1.5.1.0
2024-02-05 17:51:29,168 [WARN] PackLoader:240 - Cannot read IP mode file for SEGGER.I-CUBE-embOS.1.3.1
2024-02-05 17:51:29,215 [WARN] PackLoader:240 - Cannot read IP mode file for STMicroelectronics.X-CUBE-GNSS1.6.0.0
2024-02-05 17:51:29,230 [WARN] PackLoader:240 - Cannot read IP mode file for STMicroelectronics.X-CUBE-AZRTOS-F4.1.1.0
2024-02-05 17:51:29,246 [WARN] PackLoader:240 - Cannot read IP mode file for wolfSSL.I-CUBE-wolfSSL.5.6.3
2024-02-05 17:51:29,277 [WARN] PackLoader:240 - Cannot read IP mode file for STMicroelectronics.X-CUBE-AZRTOS-L5.2.0.0
2024-02-05 17:51:29,324 [WARN] PackLoader:240 - Cannot read IP mode file for STMicroelectronics.X-CUBE-MEMS1.9.6.0
2024-02-05 17:51:29,465 [WARN] PackLoader:240 - Cannot read IP mode file for STMicroelectronics.X-CUBE-EEPRMA1.4.2.0
2024-02-05 17:51:29,480 [WARN] PackLoader:240 - Cannot read IP mode file for ITTIA_DB.I-CUBE-ITTIADB.8.8.0
2024-02-05 17:51:29,496 [WARN] PackLoader:240 - Cannot read IP mode file for STMicroelectronics.X-CUBE-BLEMGR.2.0.0
2024-02-05 17:51:29,512 [WARN] ConditionMgr:438 - getConditionDescription Invalid condition id : UX DEVICE CLASS RTOS Condition cause : null
2024-02-05 17:51:29,512 [WARN] ConditionMgr:438 - getConditionDescription Invalid condition id : UX DEVICE CLASS RTOS Condition cause : null
2024-02-05 17:51:29,512 [WARN] PackLoader:240 - Cannot read IP mode file for STMicroelectronics.X-CUBE-AZRTOS-H7.3.1.0
2024-02-05 17:51:29,512 [WARN] ConditionMgr:1039 - genDependencies : Invalid condition id : UX DEVICE CLASS RTOS Condition cause : null
2024-02-05 17:51:29,512 [WARN] ConditionMgr:1039 - genDependencies : Invalid condition id : UX DEVICE CLASS RTOS Condition cause : null
2024-02-05 17:51:29,512 [WARN] ConditionMgr:1039 - genDependencies : Invalid condition id : UX DEVICE CLASS RTOS Condition cause : null
2024-02-05 17:51:29,512 [WARN] ConditionMgr:1039 - genDependencies : Invalid condition id : UX DEVICE CLASS RTOS Condition cause : null
2024-02-05 17:51:29,512 [WARN] ConditionMgr:1039 - genDependencies : Invalid condition id : UX DEVICE CLASS RTOS Condition cause : null
2024-02-05 17:51:29,527 [WARN] PackLoader:240 - Cannot read IP mode file for STMicroelectronics.X-CUBE-NFC7.1.0.1
2024-02-05 17:51:29,543 [WARN] PackLoader:240 - Cannot read IP mode file for STMicroelectronics.X-CUBE-NFC6.3.0.0
2024-02-05 17:51:29,558 [WARN] PackLoader:240 - Cannot read IP mode file for STMicroelectronics.X-CUBE-EEPRMA1.4.1.0
2024-02-05 17:51:29,574 [WARN] PackLoader:240 - Cannot read IP mode file for STMicroelectronics.X-CUBE-AI.8.1.0
2024-02-05 17:51:29,652 [WARN] ConditionMgr:438 - getConditionDescription Invalid condition id : LAN8742 Phy interface Condition cause : null
2024-02-05 17:51:29,652 [WARN] PackLoader:240 - Cannot read IP mode file for STMicroelectronics.X-CUBE-AZRTOS-L4.2.0.0
2024-02-05 17:51:29,652 [WARN] ConditionMgr:1039 - genDependencies : Invalid condition id : LAN8742 Phy interface Condition cause : null
2024-02-05 17:51:29,652 [WARN] ConditionMgr:1039 - genDependencies : Invalid condition id : LAN8742 Phy interface Condition cause : null
2024-02-05 17:51:29,652 [WARN] ConditionMgr:1039 - genDependencies : Invalid condition id : LAN8742 Phy interface Condition cause : null
2024-02-05 17:51:29,668 [WARN] PackLoader:240 - Cannot read IP mode file for STMicroelectronics.X-CUBE-SFXS2LP1.4.0.0
2024-02-05 17:51:29,668 [WARN] PackLoader:240 - Cannot read IP mode file for STMicroelectronics.X-CUBE-ISPU.1.1.0
2024-02-05 17:51:29,699 [WARN] ConditionMgr:438 - getConditionDescription Invalid condition id : UX DEVICE CLASS RTOS Condition cause : null
2024-02-05 17:51:29,699 [WARN] ConditionMgr:438 - getConditionDescription Invalid condition id : UX DEVICE CLASS RTOS Condition cause : null
2024-02-05 17:51:29,699 [WARN] PackLoader:240 - Cannot read IP mode file for STMicroelectronics.X-CUBE-AZRTOS-WB.2.0.0
2024-02-05 17:51:29,699 [WARN] ConditionMgr:1039 - genDependencies : Invalid condition id : UX DEVICE CLASS RTOS Condition cause : null
2024-02-05 17:51:29,699 [WARN] ConditionMgr:1039 - genDependencies : Invalid condition id : UX DEVICE CLASS RTOS Condition cause : null
2024-02-05 17:51:29,699 [WARN] ConditionMgr:1039 - genDependencies : Invalid condition id : UX DEVICE CLASS RTOS Condition cause : null
2024-02-05 17:51:29,699 [WARN] ConditionMgr:1039 - genDependencies : Invalid condition id : UX DEVICE CLASS RTOS Condition cause : null
2024-02-05 17:51:29,699 [WARN] ConditionMgr:1039 - genDependencies : Invalid condition id : UX DEVICE CLASS RTOS Condition cause : null
2024-02-05 17:51:29,699 [WARN] PackLoader:240 - Cannot read IP mode file for STMicroelectronics.X-CUBE-FREERTOS.1.0.1
2024-02-05 17:51:29,715 [WARN] PackLoader:240 - Cannot read IP mode file for STMicroelectronics.X-CUBE-AI.8.0.1
2024-02-05 17:51:29,761 [WARN] PackLoader:240 - Cannot read IP mode file for STMicroelectronics.X-CUBE-SUBG2.5.0.0
2024-02-05 17:51:29,777 [WARN] PackLoader:240 - Cannot read IP mode file for STMicroelectronics.X-CUBE-TOF1.3.3.1
2024-02-05 17:51:29,808 [WARN] PackLoader:240 - Cannot read IP mode file for STMicroelectronics.X-CUBE-AZRTOS-G4.2.0.0
2024-02-05 17:51:29,840 [WARN] PackLoader:240 - Cannot read IP mode file for Infineon.AIROC-Wi-Fi-Bluetooth-STM32.1.5.1
2024-02-05 17:51:29,840 [WARN] PackLoader:240 - Cannot read IP mode file for STMicroelectronics.FP-SNS-MOTENVWB1.1.3.1
2024-02-05 17:51:29,840 [WARN] PackLoader:240 - Cannot read IP mode file for STMicroelectronics.X-CUBE-ISPU.2.0.0
2024-02-05 17:51:29,886 [WARN] PackLoader:240 - Cannot read IP mode file for STMicroelectronics.X-CUBE-MEMS1.10.0.0
2024-02-05 17:51:30,012 [WARN] PackLoader:240 - Cannot read IP mode file for STMicroelectronics.X-CUBE-FREERTOS.1.1.0
2024-02-05 17:51:30,027 [WARN] PackLoader:240 - Cannot read IP mode file for portGmbH.I-Cube-SoM-uGOAL.1.1.0
2024-02-05 17:51:30,043 [WARN] PackLoader:240 - Cannot read IP mode file for STMicroelectronics.X-CUBE-ALS.1.0.1
2024-02-05 17:51:30,043 [WARN] PackLoader:240 - Cannot read IP mode file for STMicroelectronics.FP-ATR-ASTRA1.2.0.0
2024-02-05 17:51:30,043 [WARN] PackLoader:240 - Cannot read IP mode file for STMicroelectronics.X-CUBE-TOF1.3.4.0
2024-02-05 17:51:30,074 [WARN] PackLoader:240 - Cannot read IP mode file for STMicroelectronics.X-CUBE-AZRTOS-H7.3.2.0
2024-02-05 17:51:30,074 [INFO] ThirdParty:978 - Integrity check success = true
2024-02-05 17:51:30,074 [INFO] IntegrityCheckThread:100 - exiting critical section [integrity check]
2024-02-05 17:51:30,074 [INFO] IntegrityCheckThread:103 - End integrity checks thread
2024-02-05 17:51:30,074 [INFO] ThirdParty:873 - entering critical section [close project]
2024-02-05 17:51:30,074 [INFO] ThirdParty:883 - exiting critical section [close project]
2024-02-05 17:51:30,074 [INFO] PinOutPanel:1499 - setPackage(No Configuration,No Configuration)
2024-02-05 17:51:30,074 [INFO] UtilMem:75 - Begin LoadConfig() Used Memory: 160480280 Bytes (325058560)
2024-02-05 17:51:30,074 [INFO] MicroXplorer:468 - Change Database Path : 
2024-02-05 17:51:30,074 [INFO] MicroXplorer:498 - Change Database Version : DB.6.0.91
2024-02-05 17:51:30,090 [INFO] OpenFileManager:308 - Change cursor
2024-02-05 17:51:30,090 [INFO] ThirdPartyDownloadManager:102 - Found SW packSTMicroelectronics.X-CUBE-AI.8.1.0up-to-date on disk
2024-02-05 17:51:30,137 [INFO] Mcu:1946 - Initializing MCU STM32F769NIHx STM32F769NIHx STM32F769NIH6
2024-02-05 17:51:32,811 [INFO] Context:659 - Trying to add GPIOservice into a context  which must be forbidden
2024-02-05 17:51:33,512 [INFO] ApiDbMcu:507 - Load IP Config File for STMicroelectronics.X-CUBE-AI.8.1.0
2024-02-05 17:51:33,840 [INFO] RtosManager:555 - Registered RTOS mode: class=CMSIS, group=RTOS, mode=CMSIS_V1, owner=FREERTOS
2024-02-05 17:51:33,840 [INFO] RtosManager:555 - Registered RTOS mode: class=CMSIS, group=RTOS2, mode=CMSIS_V2, owner=FREERTOS
2024-02-05 17:51:33,840 [INFO] RtosManager:555 - Registered RTOS mode: class=RTOS, group=Core, mode=CMSIS_V1, owner=FREERTOS
2024-02-05 17:51:33,840 [INFO] RtosManager:555 - Registered RTOS mode: class=RTOS, group=Core, mode=CMSIS_V2, owner=FREERTOS
2024-02-05 17:51:33,840 [WARN] ModelIntegratedComponent:184 - Missing modes for component STMicroelectronics:FreeRTOS:0.0.1:STMicroelectronics:RTOS:FreeRTOS:Core:::10.2.0:
2024-02-05 17:51:33,856 [WARN] ModelIntegratedComponent:63 - No mode defined for component null
2024-02-05 17:51:33,856 [WARN] ModelIntegratedComponent:63 - No mode defined for component null
2024-02-05 17:51:33,856 [WARN] ModelIntegratedComponent:63 - No mode defined for component null
2024-02-05 17:51:33,856 [WARN] ModelIntegratedComponent:63 - No mode defined for component null
2024-02-05 17:51:33,856 [WARN] ModelIntegratedComponent:63 - No mode defined for component null
2024-02-05 17:51:33,856 [WARN] ModelIntegratedComponent:63 - No mode defined for component null
2024-02-05 17:51:33,856 [WARN] ModelIntegratedComponent:63 - No mode defined for component null
2024-02-05 17:51:33,856 [WARN] ModelIntegratedComponent:63 - No mode defined for component null
2024-02-05 17:51:33,856 [WARN] ModelIntegratedComponent:63 - No mode defined for component null
2024-02-05 17:51:33,856 [WARN] ModelIntegratedComponent:63 - No mode defined for component null
2024-02-05 17:51:33,856 [WARN] ModelIntegratedComponent:63 - No mode defined for component null
2024-02-05 17:51:33,856 [WARN] ModelIntegratedComponent:63 - No mode defined for component null
2024-02-05 17:51:33,856 [WARN] ModelIntegratedComponent:63 - No mode defined for component null
2024-02-05 17:51:33,856 [WARN] ModelIntegratedComponent:63 - No mode defined for component null
2024-02-05 17:51:33,856 [WARN] ModelIntegratedComponent:63 - No mode defined for component null
2024-02-05 17:51:33,856 [WARN] ModelIntegratedComponent:63 - No mode defined for component null
2024-02-05 17:51:33,856 [WARN] ModelIntegratedComponent:63 - No mode defined for component null
2024-02-05 17:51:33,856 [WARN] ModelIntegratedComponent:63 - No mode defined for component null
2024-02-05 17:51:33,856 [WARN] ModelIntegratedComponent:63 - No mode defined for component null
2024-02-05 17:51:33,856 [WARN] ModelIntegratedComponent:63 - No mode defined for component null
2024-02-05 17:51:33,856 [WARN] ModelIntegratedComponent:63 - No mode defined for component null
2024-02-05 17:51:33,856 [WARN] ModelIntegratedComponent:63 - No mode defined for component null
2024-02-05 17:51:33,856 [WARN] ModelIntegratedComponent:63 - No mode defined for component null
2024-02-05 17:51:33,856 [WARN] ModelIntegratedComponent:63 - No mode defined for component null
2024-02-05 17:51:33,856 [WARN] ModelIntegratedComponent:63 - No mode defined for component null
2024-02-05 17:51:33,856 [WARN] ModelIntegratedComponent:63 - No mode defined for component null
2024-02-05 17:51:33,856 [WARN] ModelIntegratedComponent:63 - No mode defined for component null
2024-02-05 17:51:33,856 [WARN] ModelIntegratedComponent:63 - No mode defined for component null
2024-02-05 17:51:33,856 [WARN] ModelIntegratedComponent:63 - No mode defined for component null
2024-02-05 17:51:33,856 [WARN] ModelIntegratedComponent:63 - No mode defined for component null
2024-02-05 17:51:33,856 [WARN] ModelIntegratedComponent:63 - No mode defined for component null
2024-02-05 17:51:33,856 [WARN] ModelIntegratedComponent:63 - No mode defined for component null
2024-02-05 17:51:33,856 [WARN] ModelIntegratedComponent:63 - No mode defined for component null
2024-02-05 17:51:33,981 [INFO] IPUIPlugin:80 - create IPUIPlugin
2024-02-05 17:51:33,981 [INFO] PluginManager:220 - loadIPPluginJar : add ai.8.1.0
2024-02-05 17:51:34,683 [INFO] Middleware:617 - instanceName : STMicroelectronics.X-CUBE-AI.8.1.0 bspName : COM Port check condition success for : !SEMDeviceJjApplicationJjApplicationTemplate
2024-02-05 17:51:34,683 [INFO] Middleware:617 - instanceName : STMicroelectronics.X-CUBE-AI.8.1.0 bspName : COM Port check condition success for : !SEMDeviceJjApplicationJjApplicationTemplate
2024-02-05 17:51:34,683 [INFO] Middleware:617 - instanceName : STMicroelectronics.X-CUBE-AI.8.1.0 bspName : COM Port check condition success for : !SEMDeviceJjApplicationJjApplicationTemplate
2024-02-05 17:51:34,683 [INFO] ThirdPartyModel:298 - Start build external matchings
2024-02-05 17:51:35,370 [INFO] ThirdPartyModel:316 - End build external matchings
2024-02-05 17:51:35,386 [INFO] ImportTextPane:194 - (OptionalMessage_ERROR) IP (RCC) : Invalid parameter (FamilyName)
2024-02-05 17:51:35,386 [INFO] ImportTextPane:194 - (OptionalMessage_ERROR) IP (RCC) : Invalid parameter (LCDTFToutputFreq_Value)
2024-02-05 17:51:35,386 [INFO] ImportTextPane:194 - (OptionalMessage_ERROR) IP (RCC) : Parameter (PLLP) has invalid value (2)
2024-02-05 17:51:35,386 [INFO] ImportTextPane:194 - (OptionalMessage_ERROR) IP (RCC) : Parameter (SDMMCFreq_Value) has invalid value (216000000)
2024-02-05 17:51:35,386 [INFO] ImportTextPane:194 - (OptionalMessage_ERROR) IP (STMicroelectronics.X-CUBE-AI.8.1.0) : Parameter (ModelName) has Id (187529f2594aba02fcc0111f4ca8d687b91a9d821436ffd0b5230619acb2b167) currently not set
2024-02-05 17:51:35,386 [INFO] ImportTextPane:194 - (OptionalMessage_ERROR) IP (STMicroelectronics.X-CUBE-AI.8.1.0) : Parameter (ModelType) has Id (187529f2594aba02fcc0111f4ca8d687b91a9d821436ffd0b5230619acb2b167) currently not set
2024-02-05 17:51:35,386 [INFO] ImportTextPane:194 - (OptionalMessage_ERROR) IP (STMicroelectronics.X-CUBE-AI.8.1.0) : Parameter (ModelKind) has Id (187529f2594aba02fcc0111f4ca8d687b91a9d821436ffd0b5230619acb2b167) currently not set
2024-02-05 17:51:35,386 [INFO] ImportTextPane:194 - (OptionalMessage_ERROR) IP (STMicroelectronics.X-CUBE-AI.8.1.0) : Parameter (ModelCompression) has Id (187529f2594aba02fcc0111f4ca8d687b91a9d821436ffd0b5230619acb2b167) currently not set
2024-02-05 17:51:35,386 [INFO] ImportTextPane:194 - (OptionalMessage_ERROR) IP (STMicroelectronics.X-CUBE-AI.8.1.0) : Invalid parameter (LatestDirectoryUsed)
2024-02-05 17:51:35,386 [INFO] ImportTextPane:194 - (OptionalMessage_ERROR) IP (STMicroelectronics.X-CUBE-AI.8.1.0) : Parameter (ModelStructureFile) has Id (187529f2594aba02fcc0111f4ca8d687b91a9d821436ffd0b5230619acb2b167) currently not set
2024-02-05 17:51:35,386 [INFO] ImportTextPane:194 - (OptionalMessage_ERROR) IP (STMicroelectronics.X-CUBE-AI.8.1.0) : Parameter (ModelActualCompression) has Id (187529f2594aba02fcc0111f4ca8d687b91a9d821436ffd0b5230619acb2b167) currently not set
2024-02-05 17:51:35,386 [INFO] ImportTextPane:194 - (OptionalMessage_ERROR) IP (STMicroelectronics.X-CUBE-AI.8.1.0) : Parameter (ModelFlashOccupation) has Id (187529f2594aba02fcc0111f4ca8d687b91a9d821436ffd0b5230619acb2b167) currently not set
2024-02-05 17:51:35,386 [INFO] ImportTextPane:194 - (OptionalMessage_ERROR) IP (STMicroelectronics.X-CUBE-AI.8.1.0) : Parameter (ModelMacc) has Id (187529f2594aba02fcc0111f4ca8d687b91a9d821436ffd0b5230619acb2b167) currently not set
2024-02-05 17:51:35,386 [INFO] ImportTextPane:194 - (OptionalMessage_ERROR) IP (STMicroelectronics.X-CUBE-AI.8.1.0) : Parameter (ModelRamOccupation) has Id (187529f2594aba02fcc0111f4ca8d687b91a9d821436ffd0b5230619acb2b167) currently not set
2024-02-05 17:51:35,386 [INFO] ImportTextPane:194 - (OptionalMessage_ERROR) IP (STMicroelectronics.X-CUBE-AI.8.1.0) : Invalid parameter (useInputAllocation)
2024-02-05 17:51:35,386 [INFO] ImportTextPane:194 - (OptionalMessage_ERROR) IP (STMicroelectronics.X-CUBE-AI.8.1.0) : Invalid parameter (useOutputAllocation)
2024-02-05 17:51:35,386 [INFO] ImportTextPane:194 - (OptionalMessage_ERROR) IP (STMicroelectronics.X-CUBE-AI.8.1.0) : Invalid parameter (customLayerConfigEnabled)
2024-02-05 17:51:35,386 [INFO] ImportTextPane:194 - (OptionalMessage_ERROR) IP (STMicroelectronics.X-CUBE-AI.8.1.0) : Invalid parameter (noOnnxIoTranspose)
2024-02-05 17:51:35,386 [INFO] ImportTextPane:194 - (OptionalMessage_ERROR) IP (STMicroelectronics.X-CUBE-AI.8.1.0) : Invalid parameter (MaximumNumberOfInputLayer)
2024-02-05 17:51:35,386 [INFO] ImportTextPane:194 - (OptionalMessage_ERROR) IP (STMicroelectronics.X-CUBE-AI.8.1.0) : Invalid parameter (MaximumNumberOfOutputLayer)
2024-02-05 17:51:35,806 [INFO] UtilMem:75 - End LoadConfig() Used Memory: 258969592 Bytes (325058560)
2024-02-05 17:51:35,931 [INFO] ApiDb:581 - Connected to CubeFinder SQLite database (C:\Users\afsar\.stmcufinder\plugins\mcufinder\mcu\cube-finder-db.db)
2024-02-05 17:51:36,010 [INFO] ApiDb:668 - CubeFinder database Data Model version=2.1
2024-02-05 17:51:36,010 [INFO] ApiDb:669 - CubeFinder database Configuration version=3.0.37
2024-02-05 17:51:36,010 [INFO] ApiDb:670 - CubeFinder database generation date=2023-08-09 (1691586011)
2024-02-05 17:51:36,010 [INFO] ApiDb:671 - CubeFinder database FW Pack versions=[FP-ATR-ASTRA1_V2.0.0, FP-SNS-FLIGHT1_V5.0.1, FP-SNS-FLIGHT1_V5.0.2, FP-SNS-MOTENV1_V4.3.1, FP-SNS-MOTENV1_V4.3.2, STM32Cube_FW_C0_V1.1.0, STM32Cube_FW_F4_V1.27.1, STM32Cube_FW_F7_V1.17.0, STM32Cube_FW_G0_V1.6.1, STM32Cube_FW_G4_V1.5.1, STM32Cube_FW_H5_V0.5.1, STM32Cube_FW_H5_V1.1.0, STM32Cube_FW_H7_V1.11.0, STM32Cube_FW_L0_V1.12.2, STM32Cube_FW_L5_V1.5.0, STM32Cube_FW_U5_V1.3.0, STM32Cube_FW_U5_V1.3.0RC4, STM32Cube_FW_WBA_V1.0.0RC1, STM32Cube_FW_WBA_V1.1.0, STM32Cube_FW_WBA_V1.1.0RC1, STM32Cube_FW_WB_V1.15.0RC1, STM32Cube_FW_WB_V1.16.0, STM32Cube_FW_WB_V1.16.0RC2, STM32Cube_FW_WB_V1.17.0, STM32Cube_FW_WL_V1.3.0, X-CUBE-ALGOBUILD_V1.3.0, X-CUBE-ALS_V1.0.1, X-CUBE-AZRTOS-F4_V1.1.0, X-CUBE-AZRTOS-F7_V1.1.0, X-CUBE-AZRTOS-G0_V1.1.0, X-CUBE-AZRTOS-G4_V2.0.0, X-CUBE-AZRTOS-H7_V3.1.0, X-CUBE-AZRTOS-L4_V1.0.0, X-CUBE-AZRTOS-L4_V2.0.0, X-CUBE-AZRTOS-L5_V1.1.0, X-CUBE-AZRTOS-WB_V1.1.0, X-CUBE-AZRTOS-WL_V2.0.0, X-CUBE-BLE1_V7.0.0, X-CUBE-BLE2_V3.3.0, X-CUBE-BLEMGR_V2.0.0, X-CUBE-EEPRMA1_V4.1.0, X-CUBE-FREERTOS_V1.1.0, X-CUBE-GNSS1_V6.0.0, X-CUBE-MEMS1_V9.1.0, X-CUBE-MEMS1_V9.4.0, X-CUBE-MEMS1_V9.6.0, X-CUBE-NFC4_V3.0.0, X-CUBE-NFC7_V1.0.0, X-CUBE-SFXS2LP1_V4.0.0, X-CUBE-SUBG2_V5.0.0, X-CUBE-TOF1_V3.3.1]
2024-02-05 17:51:37,900 [INFO] ApiDb:240 - Found 323 in-development CPN: [B-G473E-ZEST1S, B-WB1M-WPAN1, B-WL5M-SUBG1, NUCLEO-C031C6, NUCLEO-H503RB, NUCLEO-H563ZI, NUCLEO-U545RE-Q, NUCLEO-U5A5ZJ-Q, NUCLEO-WBA52CG, STEVAL-PROTEUS1, STEVAL-SMARTAG2, STEVAL-STWINBX1, STM320518-EVAL, STM32C0116-DK, STM32C011D6Y3TR, STM32C011D6Y6TR, STM32C011F4P3, STM32C011F4P6, STM32C011F4U3, STM32C011F4U6TR, STM32C011F6P3, STM32C011F6P6, STM32C011F6U3, STM32C011F6U6TR, STM32C011J4M3, STM32C011J4M6, STM32C011J6M3, STM32C011J6M6, STM32C0316-DK, STM32C031C4T3, STM32C031C4T6, STM32C031C4U3, STM32C031C4U6, STM32C031C6T3, STM32C031C6T6, STM32C031C6U3, STM32C031C6U6, STM32C031F4P3, STM32C031F4P6, STM32C031F6P3, STM32C031F6P6, STM32C031G4U3, STM32C031G4U6, STM32C031G6U3, STM32C031G6U6, STM32C031K4T3, STM32C031K4T6, STM32C031K4U3, STM32C031K4U6, STM32C031K6T3, STM32C031K6T6, STM32C031K6U3, STM32C031K6U6, STM32G071K8TXN, STM32G071K8UXN, STM32G081GBU6N, STM32G081KBT6N, STM32G081KBUXN, STM32G0B1CCT6N, STM32G0B1KCT6, STM32G0B1NEY6TR, STM32G0B1RCT6N, STM32G0C1CCT6, STM32G0C1CCT6N, STM32G0C1CCU6N, STM32G0C1CET6N, STM32G0C1CEU6N, STM32G0C1KCT6, STM32G0C1NEY6TR, STM32G0C1RCI6N, STM32G0C1RCT6N, STM32G0C1REI6N, STM32G0C1RET6N, STM32G0C1VCI6, STM32G0C1VEI6, STM32G471CCT6, STM32G471CCU6, STM32G471CET3, STM32G471CET6, STM32G471CEU3, STM32G471CEU6, STM32G471MCT6, STM32G471MET3, STM32G471MET6, STM32G471MEY6TR, STM32G471QCT6, STM32G471QET3, STM32G471RCT6, STM32G471RET3, STM32G471RET6, STM32G471VCH6, STM32G471VCI6, STM32G471VCT6, STM32G471VEH3, STM32G471VEH6, STM32G471VEI3, STM32G471VEI6, STM32G471VET3, STM32G471VET6, STM32G474CCT6, STM32H503CBT6, STM32H503CBU6, STM32H503EBY6TR, STM32H503KBU6, STM32H503RBT6, STM32H562AGI6, STM32H562AII6, STM32H562IGK6, STM32H562IGT6, STM32H562IIK6, STM32H562IIT6, STM32H562RGT6, STM32H562RGV6, STM32H562RIT6, STM32H562RIV6, STM32H562VGT6, STM32H562VIT6, STM32H562ZGT6, STM32H562ZIT6, STM32H563AGI6, STM32H563AII3Q, STM32H563AII6, STM32H563IGK6, STM32H563IGT6, STM32H563IIK3Q, STM32H563IIK6, STM32H563IIT3Q, STM32H563IIT6, STM32H563MIY3QTR, STM32H563RGT6, STM32H563RGV6, STM32H563RIT6, STM32H563RIV6, STM32H563VGT6, STM32H563VIT3Q, STM32H563VIT6, STM32H563ZGT6, STM32H563ZIT3Q, STM32H563ZIT6, STM32H573AII3Q, STM32H573AII6, STM32H573I-DK, STM32H573IIK3Q, STM32H573IIK6, STM32H573IIT3Q, STM32H573IIT6, STM32H573MIY3QTR, STM32H573RIT6, STM32H573RIV6, STM32H573VIT3Q, STM32H573VIT6, STM32H573ZIT3Q, STM32H573ZIT6, STM32L4R5QGI6STR, STM32MP131AAE3, STM32MP131AAF3, STM32MP131AAG3, STM32MP131CAE3, STM32MP131CAF3, STM32MP131CAG3, STM32MP131DAE7, STM32MP131DAF7, STM32MP131DAG7, STM32MP131FAE7, STM32MP131FAF7, STM32MP131FAG7, STM32MP133AAE3, STM32MP133AAF3, STM32MP133AAG3, STM32MP133CAE3, STM32MP133CAF3, STM32MP133CAG3, STM32MP133DAE7, STM32MP133DAF7, STM32MP133DAG7, STM32MP133FAE7, STM32MP133FAF7, STM32MP133FAG7, STM32MP135AAE3, STM32MP135AAF3, STM32MP135AAG3, STM32MP135CAE3, STM32MP135CAF3, STM32MP135CAG3, STM32MP135DAE7, STM32MP135DAF7, STM32MP135DAG7, STM32MP135F-DK, STM32MP135FAE7, STM32MP135FAF7, STM32MP135FAF7T, STM32MP135FAF7U, STM32MP135FAG7, STM32U535CBT6, STM32U535CBT6Q, STM32U535CBU6, STM32U535CBU6Q, STM32U535CCT6, STM32U535CCT6Q, STM32U535CCU6, STM32U535CCU6Q, STM32U535CET6, STM32U535CET6Q, STM32U535CEU6, STM32U535CEU6Q, STM32U535JEY6QTR, STM32U535NCY6QTR, STM32U535NEY6QTR, STM32U535RBI6, STM32U535RBI6Q, STM32U535RBT6, STM32U535RBT6Q, STM32U535RCI6, STM32U535RCI6Q, STM32U535RCT6, STM32U535RCT6Q, STM32U535REI6, STM32U535REI6Q, STM32U535RET6, STM32U535RET6Q, STM32U535VCI6, STM32U535VCI6Q, STM32U535VCT6, STM32U535VCT6Q, STM32U535VEI6, STM32U535VEI6Q, STM32U535VET6, STM32U535VET6Q, STM32U545CET6, STM32U545CET6Q, STM32U545CEU6, STM32U545CEU6Q, STM32U545JEY6QTR, STM32U545NEY6QTR, STM32U545REI6, STM32U545REI6Q, STM32U545RET6, STM32U545RET6Q, STM32U545VEI6, STM32U545VEI6Q, STM32U545VET6, STM32U545VET6Q, STM32U595AIH6, STM32U595AIH6Q, STM32U595AJH6, STM32U595AJH6Q, STM32U595QII6, STM32U595QII6Q, STM32U595QJI6, STM32U595QJI6Q, STM32U595RIT6, STM32U595RIT6Q, STM32U595RJT6, STM32U595RJT6Q, STM32U595VIT6, STM32U595VIT6Q, STM32U595VJT6, STM32U595VJT6Q, STM32U595ZIT6, STM32U595ZIT6Q, STM32U595ZIY6QTR, STM32U595ZJT6, STM32U595ZJT6Q, STM32U595ZJY6QTR, STM32U599BJY6QTR, STM32U599NIH6Q, STM32U599NJH6Q, STM32U599VIT6Q, STM32U599VJT6, STM32U599VJT6Q, STM32U599ZIT6Q, STM32U599ZIY6QTR, STM32U599ZJT6Q, STM32U599ZJY6QTR, STM32U5A5AJH6, STM32U5A5AJH6Q, STM32U5A5QJI6, STM32U5A5QJI6Q, STM32U5A5RJT6, STM32U5A5RJT6Q, STM32U5A5VJT6, STM32U5A5VJT6Q, STM32U5A5ZJT6, STM32U5A5ZJT6Q, STM32U5A5ZJY6QTR, STM32U5A9BJY6QTR, STM32U5A9J-DK, STM32U5A9NJH6Q, STM32U5A9VJT6Q, STM32U5A9ZJT6Q, STM32U5A9ZJY6QTR, STM32U5F7VIT6, STM32U5F7VIT6Q, STM32U5F7VJT6, STM32U5F7VJT6Q, STM32U5F9BJY6QTR, STM32U5F9NJH6Q, STM32U5F9VIT6Q, STM32U5F9VJT6Q, STM32U5F9ZIJ6QTR, STM32U5F9ZIT6Q, STM32U5F9ZJJ6QTR, STM32U5F9ZJT6Q, STM32U5G7VJT6, STM32U5G7VJT6Q, STM32U5G9BJY6QTR, STM32U5G9J-DK1, STM32U5G9J-DK2, STM32U5G9NJH6Q, STM32U5G9VJT6Q, STM32U5G9ZJJ6QTR, STM32U5G9ZJT6Q, STM32WB1MMCH6, STM32WBA52CEU6, STM32WBA52CEU6T, STM32WBA52CGU6, STM32WBA52CGU6T, STM32WBA52KEU6, STM32WBA52KEU6T, STM32WBA52KGU6, STM32WBA52KGU6T, STM32WL5MOCH6, STM32WL5MOCH6TR]
2024-02-05 17:51:37,916 [INFO] DbMcus:217 - Found 3848 MCUs, 3848 are supported
2024-02-05 17:51:37,916 [INFO] ApiDb:423 - Load user favorites file C:\Users\afsar/.stm32cubeide/favorites.mcus.txt: 1 item(s)
2024-02-05 17:51:37,916 [INFO] ApiDb:427 - User favorites MCUs=[STM32H7B3LIH6Q]
2024-02-05 17:51:37,916 [INFO] DbMcus:223 - Set 1 / 1 favorites MCUs
2024-02-05 17:51:38,166 [WARN] ThirdParty:833 - waiting for thirdparty lock release [change project]
2024-02-05 17:51:38,166 [INFO] ThirdParty:835 - entering critical section [change project]
2024-02-05 17:51:38,166 [INFO] ThirdParty:1030 - CMSIS Pack Vendor :STMicroelectronics X-CUBE-ISPU 1.1.0
2024-02-05 17:51:38,166 [INFO] ThirdParty:1030 - CMSIS Pack Vendor :STMicroelectronics USBPD 4.1
2024-02-05 17:51:38,166 [INFO] ThirdParty:1030 - CMSIS Pack Vendor :STMicroelectronics X-CUBE-GNSS1 6.0.0
2024-02-05 17:51:38,166 [INFO] ThirdParty:1030 - CMSIS Pack Vendor :STMicroelectronics USB_HOST 2.0.0
2024-02-05 17:51:38,166 [INFO] ThirdParty:1030 - CMSIS Pack Vendor :STMicroelectronics X-CUBE-AZRTOS-F4 1.1.0
2024-02-05 17:51:38,166 [INFO] ThirdParty:1030 - CMSIS Pack Vendor :STMicroelectronics LIBJPEG 8.0.0
2024-02-05 17:51:38,166 [INFO] ThirdParty:1030 - CMSIS Pack Vendor :wolfSSL I-CUBE-wolfSSL 5.6.3
2024-02-05 17:51:38,166 [INFO] ThirdParty:1030 - CMSIS Pack Vendor :STMicroelectronics X-CUBE-SMBUS 2.1.0
2024-02-05 17:51:38,166 [INFO] ThirdParty:1030 - CMSIS Pack Vendor :STMicroelectronics USB_DEVICE 3.0.0
2024-02-05 17:51:38,166 [INFO] ThirdParty:1030 - CMSIS Pack Vendor :STMicroelectronics X-CUBE-AZRTOS-WB 2.0.0
2024-02-05 17:51:38,166 [INFO] ThirdParty:1030 - CMSIS Pack Vendor :STMicroelectronics X-CUBE-FREERTOS 1.0.1
2024-02-05 17:51:38,166 [INFO] ThirdParty:1030 - CMSIS Pack Vendor :STMicroelectronics X-CUBE-TOUCHGFX 4.23.0
2024-02-05 17:51:38,166 [INFO] ThirdParty:1030 - CMSIS Pack Vendor :STMicroelectronics X-CUBE-AZRTOS-F7 1.1.0
2024-02-05 17:51:38,166 [INFO] ThirdParty:1030 - CMSIS Pack Vendor :STMicroelectronics X-CUBE-AZRTOS-L5 2.0.0
2024-02-05 17:51:38,166 [INFO] ThirdParty:1030 - CMSIS Pack Vendor :STMicroelectronics USB_DEVICE 2.0.0
2024-02-05 17:51:38,166 [INFO] ThirdParty:1030 - CMSIS Pack Vendor :STMicroelectronics X-CUBE-MEMS1 9.6.0
2024-02-05 17:51:38,166 [INFO] ThirdParty:1030 - CMSIS Pack Vendor :STMicroelectronics X-CUBE-EEPRMA1 4.2.0
2024-02-05 17:51:38,166 [INFO] ThirdParty:1030 - CMSIS Pack Vendor :ITTIA_DB I-CUBE-ITTIADB 8.8.0
2024-02-05 17:51:38,166 [INFO] ThirdParty:1030 - CMSIS Pack Vendor :STMicroelectronics FP-SNS-MOTENV1 4.3.2
2024-02-05 17:51:38,166 [INFO] ThirdParty:1030 - CMSIS Pack Vendor :STMicroelectronics X-CUBE-ALGOBUILD 1.3.0
2024-02-05 17:51:38,166 [INFO] ThirdParty:1030 - CMSIS Pack Vendor :STMicroelectronics FreeRTOS 0.0.1
2024-02-05 17:51:38,166 [INFO] ThirdParty:1030 - CMSIS Pack Vendor :STMicroelectronics X-CUBE-AZRTOS-G0 1.1.0
2024-02-05 17:51:38,166 [INFO] ThirdParty:1030 - CMSIS Pack Vendor :STMicroelectronics X-CUBE-BLEMGR 2.0.0
2024-02-05 17:51:38,166 [INFO] ThirdParty:1030 - CMSIS Pack Vendor :STMicroelectronics X-CUBE-AI 8.0.1
2024-02-05 17:51:38,166 [INFO] ThirdParty:1030 - CMSIS Pack Vendor :STMicroelectronics X-CUBE-NFC4 3.0.0
2024-02-05 17:51:38,166 [INFO] ThirdParty:1030 - CMSIS Pack Vendor :STMicroelectronics X-CUBE-SUBG2 5.0.0
2024-02-05 17:51:38,166 [INFO] ThirdParty:1030 - CMSIS Pack Vendor :STMicroelectronics STM32_WPAN 1.0.0
2024-02-05 17:51:38,166 [INFO] ThirdParty:1030 - CMSIS Pack Vendor :STMicroelectronics lwIP 2.0.3
2024-02-05 17:51:38,166 [INFO] ThirdParty:1030 - CMSIS Pack Vendor :STMicroelectronics FP-SNS-FLIGHT1 5.0.2
2024-02-05 17:51:38,166 [INFO] ThirdParty:1030 - CMSIS Pack Vendor :STMicroelectronics USB_HOST 1.0.0
2024-02-05 17:51:38,166 [INFO] ThirdParty:1030 - CMSIS Pack Vendor :STMicroelectronics X-CUBE-TOF1 3.3.1
2024-02-05 17:51:38,166 [INFO] ThirdParty:1030 - CMSIS Pack Vendor :STMicroelectronics X-CUBE-AZRTOS-G4 2.0.0
2024-02-05 17:51:38,166 [INFO] ThirdParty:1030 - CMSIS Pack Vendor :STMicroelectronics PDM2PCM 3.1.0
2024-02-05 17:51:38,166 [INFO] ThirdParty:1030 - CMSIS Pack Vendor :STMicroelectronics X-CUBE-AZRTOS-H7 3.1.0
2024-02-05 17:51:38,166 [INFO] ThirdParty:1030 - CMSIS Pack Vendor :Infineon AIROC-Wi-Fi-Bluetooth-STM32 1.5.1
2024-02-05 17:51:38,166 [INFO] ThirdParty:1030 - CMSIS Pack Vendor :STMicroelectronics X-CUBE-BLEMGR 3.0.0
2024-02-05 17:51:38,166 [INFO] ThirdParty:1030 - CMSIS Pack Vendor :STMicroelectronics PDM2PCM 3.3.0
2024-02-05 17:51:38,166 [INFO] ThirdParty:1030 - CMSIS Pack Vendor :STMicroelectronics X-CUBE-DISPLAY 3.0.0
2024-02-05 17:51:38,166 [INFO] ThirdParty:1030 - CMSIS Pack Vendor :STMicroelectronics FP-SNS-MOTENVWB1 1.3.1
2024-02-05 17:51:38,166 [INFO] ThirdParty:1030 - CMSIS Pack Vendor :STMicroelectronics X-CUBE-BLE1 7.0.0
2024-02-05 17:51:38,166 [INFO] ThirdParty:1030 - CMSIS Pack Vendor :STMicroelectronics FP-ATR-SIGFOX1 3.2.0
2024-02-05 17:51:38,166 [INFO] ThirdParty:1030 - CMSIS Pack Vendor :STMicroelectronics X-CUBE-ISPU 2.0.0
2024-02-05 17:51:38,166 [INFO] ThirdParty:1030 - CMSIS Pack Vendor :STMicroelectronics X-CUBE-EEPRMA1 5.1.0
2024-02-05 17:51:38,166 [INFO] ThirdParty:1030 - CMSIS Pack Vendor :STMicroelectronics HAL Drivers 0.0.0
2024-02-05 17:51:38,166 [INFO] ThirdParty:1030 - CMSIS Pack Vendor :STMicroelectronics MBEDTLS 2.16.2
2024-02-05 17:51:38,166 [INFO] ThirdParty:1030 - CMSIS Pack Vendor :emotas I-CUBE-CANOPEN 1.3.0
2024-02-05 17:51:38,166 [INFO] ThirdParty:1030 - CMSIS Pack Vendor :STMicroelectronics X-CUBE-MEMS1 10.0.0
2024-02-05 17:51:38,166 [INFO] ThirdParty:1030 - CMSIS Pack Vendor :STMicroelectronics X-CUBE-FREERTOS 1.1.0
2024-02-05 17:51:38,166 [INFO] ThirdParty:1030 - CMSIS Pack Vendor :STMicroelectronics X-CUBE-TOUCHGFX 4.22.0
2024-02-05 17:51:38,166 [INFO] ThirdParty:1030 - CMSIS Pack Vendor :STMicroelectronics X-CUBE-NFC7 1.0.1
2024-02-05 17:51:38,166 [INFO] ThirdParty:1030 - CMSIS Pack Vendor :STMicroelectronics MBEDTLS 2.14.1
2024-02-05 17:51:38,166 [INFO] ThirdParty:1030 - CMSIS Pack Vendor :STMicroelectronics X-CUBE-TOUCHGFX 4.22.1
2024-02-05 17:51:38,166 [INFO] ThirdParty:1030 - CMSIS Pack Vendor :STMicroelectronics X-CUBE-NFC6 3.0.0
2024-02-05 17:51:38,166 [INFO] ThirdParty:1030 - CMSIS Pack Vendor :STMicroelectronics X-CUBE-EEPRMA1 4.1.0
2024-02-05 17:51:38,166 [INFO] ThirdParty:1030 - CMSIS Pack Vendor :portGmbH I-Cube-SoM-uGOAL 1.1.0
2024-02-05 17:51:38,166 [INFO] ThirdParty:1030 - CMSIS Pack Vendor :STMicroelectronics X-CUBE-ALS 1.0.1
2024-02-05 17:51:38,166 [INFO] ThirdParty:1030 - CMSIS Pack Vendor :STMicroelectronics ThreadX 1.0.0
2024-02-05 17:51:38,166 [INFO] ThirdParty:1030 - CMSIS Pack Vendor :STMicroelectronics FP-SNS-SMARTAG2 1.2.0
2024-02-05 17:51:38,166 [INFO] ThirdParty:1030 - CMSIS Pack Vendor :STMicroelectronics X-CUBE-AZRTOS-WL 2.0.0
2024-02-05 17:51:38,166 [INFO] ThirdParty:1030 - CMSIS Pack Vendor :SEGGER I-CUBE-embOS 1.3.1
2024-02-05 17:51:38,166 [INFO] ThirdParty:1030 - CMSIS Pack Vendor :STMicroelectronics USB_DEVICE 1.0.0
2024-02-05 17:51:38,166 [INFO] ThirdParty:1030 - CMSIS Pack Vendor :STMicroelectronics X-CUBE-AI 8.1.0
2024-02-05 17:51:38,166 [INFO] ThirdParty:1030 - CMSIS Pack Vendor :STMicroelectronics X-CUBE-AZRTOS-L4 2.0.0
2024-02-05 17:51:38,166 [INFO] ThirdParty:1030 - CMSIS Pack Vendor :STMicroelectronics ThreadX 0.0.2
2024-02-05 17:51:38,166 [INFO] ThirdParty:1030 - CMSIS Pack Vendor :WES I-CUBE-Cesium 1.3.0
2024-02-05 17:51:38,166 [INFO] ThirdParty:1030 - CMSIS Pack Vendor :STMicroelectronics FP-ATR-ASTRA1 2.0.0
2024-02-05 17:51:38,166 [INFO] ThirdParty:1030 - CMSIS Pack Vendor :STMicroelectronics lwIP 2.1.2
2024-02-05 17:51:38,166 [INFO] ThirdParty:1030 - CMSIS Pack Vendor :STMicroelectronics X-CUBE-SFXS2LP1 4.0.0
2024-02-05 17:51:38,166 [INFO] ThirdParty:1030 - CMSIS Pack Vendor :STMicroelectronics X-CUBE-BLE2 3.3.0
2024-02-05 17:51:38,166 [INFO] ThirdParty:1030 - CMSIS Pack Vendor :STMicroelectronics X-CUBE-TOF1 3.4.0
2024-02-05 17:51:38,166 [INFO] ThirdParty:1030 - CMSIS Pack Vendor :STMicroelectronics X-CUBE-AZRTOS-H7 3.2.0
2024-02-05 17:51:38,166 [INFO] ThirdParty:1030 - CMSIS Pack Vendor :STMicroelectronics PDM2PCM 3.2.0
2024-02-05 17:51:38,166 [INFO] ThirdParty:841 - exiting critical section [change project]
2024-02-05 17:51:38,517 [INFO] PinOutPanel:1499 - setPackage(No Configuration,No Configuration)
2024-02-05 17:51:38,528 [INFO] PinOutPanel:1499 - setPackage(STM32F769NIHx,TFBGA216)
2024-02-05 17:51:39,455 [INFO] UtilMem:75 - Before build in PCC Used Memory: 201765536 Bytes (325058560)
2024-02-05 17:51:40,236 [INFO] UtilMem:75 - After build in PCC Used Memory: 192691200 Bytes (325058560)
2024-02-05 17:51:40,236 [INFO] Middleware:617 - instanceName : STMicroelectronics.X-CUBE-AI.8.1.0 bspName : COM Port check condition success for : !SEMDeviceJjApplicationJjApplicationTemplate
2024-02-05 17:51:40,236 [INFO] Middleware:617 - instanceName : STMicroelectronics.X-CUBE-AI.8.1.0 bspName : COM Port check condition success for : !SEMDeviceJjApplicationJjApplicationTemplate
2024-02-05 17:51:40,236 [INFO] Middleware:617 - instanceName : STMicroelectronics.X-CUBE-AI.8.1.0 bspName : COM Port check condition success for : !SEMDeviceJjApplicationJjApplicationTemplate
2024-02-05 17:51:40,280 [INFO] IPUIPlugin:80 - create IPUIPlugin
2024-02-05 17:51:40,280 [INFO] IPUIPlugin:80 - create IPUIPlugin
2024-02-05 17:51:40,280 [INFO] IPUIPlugin:80 - create IPUIPlugin
2024-02-05 17:51:40,280 [INFO] IPUIPlugin:80 - create IPUIPlugin
2024-02-05 17:51:40,280 [INFO] IPUIPlugin:80 - create IPUIPlugin
2024-02-05 17:51:40,280 [INFO] IPUIPlugin:80 - create IPUIPlugin
2024-02-05 17:51:40,280 [INFO] IPUIPlugin:80 - create IPUIPlugin
2024-02-05 17:51:40,280 [INFO] IPUIPlugin:80 - create IPUIPlugin
2024-02-05 17:51:40,280 [INFO] IPUIPlugin:80 - create IPUIPlugin
2024-02-05 17:51:40,280 [INFO] IPUIPlugin:80 - create IPUIPlugin
2024-02-05 17:51:40,280 [INFO] IPUIPlugin:80 - create IPUIPlugin
2024-02-05 17:51:40,280 [INFO] IPUIPlugin:80 - create IPUIPlugin
2024-02-05 17:51:40,280 [INFO] IPUIPlugin:80 - create IPUIPlugin
2024-02-05 17:51:40,280 [INFO] IPUIPlugin:80 - create IPUIPlugin
2024-02-05 17:51:40,280 [INFO] IPUIPlugin:80 - create IPUIPlugin
2024-02-05 17:51:40,280 [INFO] IPUIPlugin:80 - create IPUIPlugin
2024-02-05 17:51:40,280 [INFO] IPUIPlugin:80 - create IPUIPlugin
2024-02-05 17:51:40,280 [INFO] IPUIPlugin:80 - create IPUIPlugin
2024-02-05 17:51:40,280 [INFO] IPUIPlugin:80 - create IPUIPlugin
2024-02-05 17:51:40,280 [INFO] IPUIPlugin:80 - create IPUIPlugin
2024-02-05 17:51:40,280 [INFO] IPUIPlugin:80 - create IPUIPlugin
2024-02-05 17:51:40,280 [INFO] IPUIPlugin:80 - create IPUIPlugin
2024-02-05 17:51:40,280 [INFO] IPUIPlugin:80 - create IPUIPlugin
2024-02-05 17:51:40,280 [INFO] IPUIPlugin:80 - create IPUIPlugin
2024-02-05 17:51:40,280 [INFO] IPUIPlugin:80 - create IPUIPlugin
2024-02-05 17:51:40,280 [INFO] IPUIPlugin:80 - create IPUIPlugin
2024-02-05 17:51:40,280 [INFO] IPUIPlugin:80 - create IPUIPlugin
2024-02-05 17:51:40,280 [INFO] IPUIPlugin:80 - create IPUIPlugin
2024-02-05 17:51:40,280 [INFO] IPUIPlugin:80 - create IPUIPlugin
2024-02-05 17:51:40,280 [INFO] IPUIPlugin:80 - create IPUIPlugin
2024-02-05 17:51:40,280 [INFO] IPUIPlugin:80 - create IPUIPlugin
2024-02-05 17:51:40,280 [INFO] IPUIPlugin:80 - create IPUIPlugin
2024-02-05 17:51:40,280 [INFO] IPUIPlugin:80 - create IPUIPlugin
2024-02-05 17:51:40,296 [INFO] IPUIPlugin:80 - create IPUIPlugin
2024-02-05 17:51:40,296 [INFO] IPUIPlugin:80 - create IPUIPlugin
2024-02-05 17:51:40,296 [INFO] IPUIPlugin:80 - create IPUIPlugin
2024-02-05 17:51:40,296 [INFO] IPUIPlugin:80 - create IPUIPlugin
2024-02-05 17:51:40,296 [INFO] IPUIPlugin:80 - create IPUIPlugin
2024-02-05 17:51:40,296 [INFO] IPUIPlugin:80 - create IPUIPlugin
2024-02-05 17:51:40,296 [INFO] IPUIPlugin:80 - create IPUIPlugin
2024-02-05 17:51:40,296 [INFO] IPUIPlugin:80 - create IPUIPlugin
2024-02-05 17:51:40,296 [INFO] IPUIPlugin:80 - create IPUIPlugin
2024-02-05 17:51:40,296 [INFO] IPUIPlugin:80 - create IPUIPlugin
2024-02-05 17:51:40,296 [INFO] IPUIPlugin:80 - create IPUIPlugin
2024-02-05 17:51:40,296 [INFO] IPUIPlugin:80 - create IPUIPlugin
2024-02-05 17:51:40,296 [INFO] IPUIPlugin:80 - create IPUIPlugin
2024-02-05 17:51:40,296 [INFO] IPUIPlugin:80 - create IPUIPlugin
2024-02-05 17:51:40,296 [INFO] IPUIPlugin:80 - create IPUIPlugin
2024-02-05 17:51:40,296 [INFO] IPUIPlugin:80 - create IPUIPlugin
2024-02-05 17:51:40,296 [INFO] IPUIPlugin:80 - create IPUIPlugin
2024-02-05 17:51:40,296 [INFO] IPUIPlugin:80 - create IPUIPlugin
2024-02-05 17:51:40,296 [INFO] IPUIPlugin:80 - create IPUIPlugin
2024-02-05 17:51:40,296 [INFO] IPUIPlugin:80 - create IPUIPlugin
2024-02-05 17:51:40,296 [INFO] IPUIPlugin:80 - create IPUIPlugin
2024-02-05 17:51:40,296 [INFO] IPUIPlugin:80 - create IPUIPlugin
2024-02-05 17:51:40,296 [INFO] IPUIPlugin:80 - create IPUIPlugin
2024-02-05 17:51:40,296 [INFO] IPUIPlugin:80 - create IPUIPlugin
2024-02-05 17:51:40,296 [INFO] IPUIPlugin:80 - create IPUIPlugin
2024-02-05 17:51:40,296 [INFO] IPUIPlugin:80 - create IPUIPlugin
2024-02-05 17:51:40,296 [INFO] IPUIPlugin:80 - create IPUIPlugin
2024-02-05 17:51:40,296 [INFO] IPUIPlugin:80 - create IPUIPlugin
2024-02-05 17:51:40,296 [INFO] IPUIPlugin:80 - create IPUIPlugin
2024-02-05 17:51:40,296 [INFO] IPUIPlugin:80 - create IPUIPlugin
2024-02-05 17:51:40,296 [INFO] IPUIPlugin:80 - create IPUIPlugin
2024-02-05 17:51:40,296 [INFO] IPUIPlugin:80 - create IPUIPlugin
2024-02-05 17:51:40,296 [INFO] IPUIPlugin:80 - create IPUIPlugin
2024-02-05 17:51:40,296 [INFO] IPUIPlugin:80 - create IPUIPlugin
2024-02-05 17:51:40,296 [INFO] IPUIPlugin:80 - create IPUIPlugin
2024-02-05 17:51:40,296 [INFO] IPUIPlugin:80 - create IPUIPlugin
2024-02-05 17:51:40,296 [INFO] IPUIPlugin:80 - create IPUIPlugin
2024-02-05 17:51:40,296 [INFO] IPUIPlugin:80 - create IPUIPlugin
2024-02-05 17:51:40,311 [INFO] IPUIPlugin:80 - create IPUIPlugin
2024-02-05 17:51:40,311 [INFO] IPUIPlugin:80 - create IPUIPlugin
2024-02-05 17:51:40,311 [INFO] IPUIPlugin:80 - create IPUIPlugin
2024-02-05 17:51:40,311 [INFO] IPUIPlugin:80 - create IPUIPlugin
2024-02-05 17:51:40,311 [INFO] IPUIPlugin:80 - create IPUIPlugin
2024-02-05 17:51:40,311 [INFO] IPUIPlugin:80 - create IPUIPlugin
2024-02-05 17:51:40,311 [INFO] IPUIPlugin:80 - create IPUIPlugin
2024-02-05 17:51:40,311 [INFO] IPUIPlugin:80 - create IPUIPlugin
2024-02-05 17:51:40,311 [INFO] IPUIPlugin:80 - create IPUIPlugin
2024-02-05 17:51:40,311 [INFO] IPUIPlugin:80 - create IPUIPlugin
2024-02-05 17:51:40,311 [INFO] AI:963 - onDisable adding AI com.st.microxplorer.plugins.ip.ai.AI@5f0446e4 on STMicroelectronics.X-CUBE-AI.8.1.0
2024-02-05 17:51:40,343 [INFO] ApiDbMcu:507 - Load IP Config File for PDM2PCM
2024-02-05 17:51:40,569 [INFO] CADModel:165 - CPN selected for project levelSTM32F769NIH6
2024-02-05 17:51:40,569 [INFO] CADModel:114 - Register for checkConnection events
2024-02-05 17:51:40,619 [INFO] OpenFileManager:328 - Restore cursor
2024-02-05 17:51:41,135 [INFO] AIMainUI:1259 - Restoring parameters from IP...
2024-02-05 17:51:41,135 [INFO] AIMainUI:1378 - No old model detected
2024-02-05 17:51:41,197 [INFO] AInterface:109 - AInterface using toolDir: C:/Users/afsar/STM32Cube/Repository/Packs/STMicroelectronics/X-CUBE-AI/8.1.0/Utilities/windows
2024-02-05 17:51:41,197 [INFO] AIModelDetailledView:2080 - Analysis status: -
2024-02-05 17:51:41,197 [INFO] AIModelDetailledView:861 - Selected model: Keras
2024-02-05 17:51:41,322 [INFO] AIModelDetailledView:2080 - Analysis status: done
2024-02-05 17:51:42,915 [INFO] LogOutputStream:77 - [STDOUT_REDIRECT] 
2024-02-05 17:51:45,009 [INFO] McuFinderGlobals:63 - Set McuFinder mode to 2 (CubeIDE integrated)
2024-02-05 17:52:05,797 [ERROR] LogOutputStream:75 - [STDERR_REDIRECT] SLF4J: Failed to load class "org.slf4j.impl.StaticLoggerBinder".
2024-02-05 17:52:05,798 [ERROR] LogOutputStream:75 - [STDERR_REDIRECT] SLF4J: Defaulting to no-operation (NOP) logger implementation
2024-02-05 17:52:05,799 [ERROR] LogOutputStream:75 - [STDERR_REDIRECT] SLF4J: See http://www.slf4j.org/codes.html#StaticLoggerBinder for further details.
2024-02-05 17:56:25,301 [INFO] AI:946 - getUI adding AI com.st.microxplorer.plugins.ip.ai.AI@5f0446e4 on STMicroelectronics.X-CUBE-AI.8.1.0
2024-02-05 17:56:25,301 [INFO] Middleware:617 - instanceName : STMicroelectronics.X-CUBE-AI.8.1.0 bspName : COM Port check condition success for : !SEMDeviceJjApplicationJjApplicationTemplate
2024-02-05 17:56:25,301 [INFO] Middleware:617 - instanceName : STMicroelectronics.X-CUBE-AI.8.1.0 bspName : COM Port check condition success for : !SEMDeviceJjApplicationJjApplicationTemplate
2024-02-05 17:56:25,301 [INFO] Middleware:617 - instanceName : STMicroelectronics.X-CUBE-AI.8.1.0 bspName : COM Port check condition success for : !SEMDeviceJjApplicationJjApplicationTemplate
2024-02-05 17:56:25,312 [INFO] Middleware:617 - instanceName : STMicroelectronics.X-CUBE-AI.8.1.0 bspName : COM Port check condition success for : !SEMDeviceJjApplicationJjApplicationTemplate
2024-02-05 17:56:25,312 [INFO] Middleware:617 - instanceName : STMicroelectronics.X-CUBE-AI.8.1.0 bspName : COM Port check condition success for : !SEMDeviceJjApplicationJjApplicationTemplate
2024-02-05 17:56:25,312 [INFO] Middleware:617 - instanceName : STMicroelectronics.X-CUBE-AI.8.1.0 bspName : COM Port check condition success for : !SEMDeviceJjApplicationJjApplicationTemplate
2024-02-05 17:56:44,575 [INFO] AIModelDetailledView:2080 - Analysis status: -
